app/seeds.txt
com.luohui.map.view.map.FrequentView
com.luohui.map.ui.navi.BaseAMapNaviActivity
com.luohui.map.view.map.GPSView: GPSView(android.content.Context,android.util.AttributeSet,int)
com.luohui.map.view.map.PoiDetailBottomView: void setPoiDetailState(int)
com.luohui.map.view.map.SupendViewContainer: SupendViewContainer(android.content.Context)
com.luohui.map.ui.BaseActivity
com.luohui.map.view.map.MapHeaderView: void setOnMapHeaderViewClickListener(com.luohui.map.view.map.MapHeaderView$OnMapHeaderViewClickListener)
com.luohui.map.ui.navi.WalkRouteNaviActivity: WalkRouteNaviActivity()
com.luohui.map.view.map.NearbySearchView
com.luohui.map.view.map.SupendPartitionView: SupendPartitionView(android.content.Context,android.util.AttributeSet)
com.luohui.map.MapActivity
com.luohui.map.view.map.RouteView: RouteView(android.content.Context)
com.luohui.map.view.map.FrequentView: FrequentView(android.content.Context)
com.luohui.map.view.map.GPSView: void setGpsState(int)
com.luohui.map.view.map.SupendViewContainer: SupendViewContainer(android.content.Context,android.util.AttributeSet)
com.luohui.map.view.map.PoiDetailBottomView: PoiDetailBottomView(android.content.Context,android.util.AttributeSet)
com.luohui.map.view.map.PoiDetailBottomView: void setOnPoiDetailBottomClickListener(com.luohui.map.view.map.PoiDetailBottomView$OnPoiDetailBottomClickListener)
com.luohui.map.view.map.MapHeaderView: MapHeaderView(android.content.Context,android.util.AttributeSet,int)
com.luohui.map.view.map.SupendViewContainer: SupendViewContainer(android.content.Context,android.util.AttributeSet,int)
com.luohui.map.MapApplication
com.luohui.map.ui.BaseActivity: BaseActivity()
com.luohui.map.ui.SplashActivity: SplashActivity()
com.luohui.map.view.map.SupendPartitionView
com.luohui.map.view.map.GPSView: GPSView(android.content.Context)
com.luohui.map.view.map.FrequentView: FrequentView(android.content.Context,android.util.AttributeSet,int)
com.luohui.map.MapActivity: MapActivity()
com.luohui.map.view.map.GPSView: GPSView(android.content.Context,android.util.AttributeSet)
com.luohui.map.view.map.PoiDetailBottomView: PoiDetailBottomView(android.content.Context,android.util.AttributeSet,int)
com.luohui.map.ui.navi.BaseAMapNaviActivity: BaseAMapNaviActivity()
com.luohui.map.view.map.GPSView
com.luohui.map.MapApplication: MapApplication()
com.luohui.map.MapActivity$MapMode: com.luohui.map.MapActivity$MapMode[] values()
com.luohui.map.view.map.MapHeaderView
com.luohui.map.view.map.PoiDetailBottomView: int getPoiDetailState()
com.luohui.map.view.map.NearbySearchView: NearbySearchView(android.content.Context)
com.luohui.map.ui.navi.WalkRouteNaviActivity
com.luohui.map.view.map.PoiDetailBottomView
com.luohui.map.view.map.NearbySearchView: NearbySearchView(android.content.Context,android.util.AttributeSet)
com.luohui.map.view.map.NearbySearchView: void setOnNearbySearchViewClickListener(com.luohui.map.view.map.NearbySearchView$OnNearbySearchViewClickListener)
com.luohui.map.view.map.GPSView: void setOnGPSViewClickListener(com.luohui.map.view.map.GPSView$OnGPSViewClickListener)
com.luohui.map.view.map.FrequentView: FrequentView(android.content.Context,android.util.AttributeSet)
com.luohui.map.view.map.SupendPartitionView: SupendPartitionView(android.content.Context)
com.luohui.map.view.map.MapHeaderView: MapHeaderView(android.content.Context,android.util.AttributeSet)
com.luohui.map.view.map.GPSView: void setAbovePoiDetail(boolean)
com.luohui.map.view.map.SupendViewContainer
com.luohui.map.view.map.SupendPartitionView: SupendPartitionView(android.content.Context,android.util.AttributeSet,int)
com.luohui.map.ui.SplashActivity
com.luohui.map.view.map.MapHeaderView: MapHeaderView(android.content.Context)
com.luohui.map.view.map.NearbySearchView: NearbySearchView(android.content.Context,android.util.AttributeSet,int)
com.luohui.map.view.map.RouteView: RouteView(android.content.Context,android.util.AttributeSet,int)
com.luohui.map.MapActivity: void onClick(android.view.View)
...
com.amap.api.col.n3.ik: void a()
com.amap.api.col.n3.lt: void a(java.lang.String)
android.support.design.R$attr: int boxCornerRadiusBottomEnd
com.alibaba.fastjson.JSON: byte[] toJSONBytes(java.lang.Object,com.alibaba.fastjson.serializer.SerializeConfig,com.alibaba.fastjson.serializer.SerializeFilter[],int,com.alibaba.fastjson.serializer.SerializerFeature[])
com.autonavi.ae.gmap.GLMapEngine: void nativeSetServiceViewRect(int,long,int,int,int,int,int,int)
com.amap.api.col.n3.jm: void onGpsSignalWeak(boolean)
com.amap.api.services.route.RouteResult: int describeContents()
com.amap.api.col.n3.se: void c(boolean)
com.bumptech.glide.load.data.mediastore.ThumbnailStreamOpener: java.util.List parsers
android.support.v7.appcompat.R$layout: int abc_activity_chooser_view_list_item
com.amap.api.col.n3.qw: <clinit>()
com.amap.api.col.n3.nj: java.lang.String c
com.autonavi.ae.route.model.LongSolidLane
com.amap.api.navi.view.PoiInputItemWidget: void setPoiForMid(com.amap.api.navi.model.NaviPoi)
com.loc.cy$a: cy$a()
com.loc.bd
com.amap.api.services.a.cp: java.lang.String b(android.content.Context,java.lang.String,java.lang.String)
com.amap.api.maps.AMap: void setRoadArrowEnable(boolean)
com.loc.co: android.location.LocationManager J
com.bumptech.glide.load.resource.bitmap.ResourceBitmapDecoder
android.support.design.R$styleable: int CoordinatorLayout_Layout_layout_dodgeInsetEdges
com.amap.api.maps.model.particle.ParticleOverlayOptionsFactory: int PARTICLE_TYPE_SNOWY
com.amap.api.col.n3.ii: android.content.Context s
com.bumptech.glide.load.model.AssetUriLoader$FileDescriptorFactory
android.support.design.R$drawable: int abc_btn_colored_material
com.amap.api.col.n3.iw: void a(com.autonavi.amap.mapcore.IPoint)
com.autonavi.amap.mapcore.tools.GLConvertUtil: short getShort(byte[],int)
com.amap.api.col.n3.tp: void c()
com.alibaba.fastjson.serializer.SimplePropertyPreFilter: java.lang.Class clazz
com.autonavi.ae.pos.LocNGMInfo: LocNGMInfo()
com.amap.api.navi.view.SlidingUpPanelLayout: com.amap.api.navi.services.view.g mDragHelper
com.amap.api.col.n3.gd$1: gd$1(com.amap.api.col.n3.gd)
com.amap.api.services.core.PoiItem: java.lang.String getTel()
com.autonavi.ae.gmap.GLMapState: long nativeNewInstance(int,long)
com.amap.api.col.n3.kd: com.amap.api.maps.AMap b
com.amap.api.navi.view.PoiInputSearchWidget: android.view.animation.Animation createTransUpAnim()
com.autonavi.ae.bl.Parcel: boolean readBoolean()
com.autonavi.amap.mapcore.tools.GLMapStaticValue: int MAP_PARAMETERNAME_PROCESS_INDOOR
com.amap.api.col.n3.gf: com.amap.api.col.n3.cs b
com.amap.api.col.n3.cd: com.amap.api.col.n3.fm a(com.amap.api.maps.model.CircleOptions)
com.autonavi.wtbt.IFrameForWTBT: void arriveWay(int)
com.amap.api.col.n3.ct: boolean b(com.amap.api.col.n3.ct)
com.autonavi.ae.guide.model.NotAvoidInfo: double lon3D
com.amap.api.services.route.RouteBusWalkItem: void setOrigin(com.amap.api.services.core.LatLonPoint)
com.loc.a: void a(com.amap.api.fence.GeoFence)
com.amap.api.navi.AMapHudView: void onResume()
com.iflytek.collector.light.proxy.DeviceInfoProxy
com.bumptech.glide.load.model.LazyHeaders$Builder: java.lang.String DEFAULT_USER_AGENT
com.amap.api.services.share.ShareSearch$OnShareSearchListener
com.bumptech.glide.load.engine.SourceGenerator: void onDataReady(java.lang.Object)
com.autonavi.amap.mapcore.message.MoveGestureMapMessage: com.autonavi.amap.mapcore.message.MoveGestureMapMessage obtain(int,float,float)
com.amap.api.navi.R$color: int white
com.tencent.mm.opensdk.modelmsg.WXVideoFileObject
android.support.v7.appcompat.R$dimen: int abc_dialog_fixed_width_minor
com.amap.api.col.n3.in: com.autonavi.ae.route.model.POIInfo[] b(java.util.List)
com.bumptech.glide.load.engine.prefill.BitmapPreFillRunner$Clock: BitmapPreFillRunner$Clock()
com.tencent.mm.opensdk.constants.ConstantsAPI: int COMMAND_INVOICE_AUTH_INSERT
com.loc.cy: boolean b
com.bumptech.glide.provider.ResourceEncoderRegistry$Entry
com.amap.api.col.n3.ra: java.util.List a()