app/mapping.txt
# compiler: R8
# compiler_version: 1.5.68
# min_api: 21
# pg_map_id: f9a62fc
com.luohui.map.MapActivity -> com.luohui.map.MapActivity:
    com.amap.api.maps.model.MyLocationStyle mLocationStyle -> Y
    boolean isPoiClick -> d0
    com.luohui.map.view.map.PoiDetailBottomView mPoiDetailTaxi -> O
    long mAnimDuartion -> j0
    com.amap.api.maps.model.LatLng mLatLng -> z
    int mMinPeekHeight -> K
    android.widget.TextView mTvLocation -> U
    android.view.View mGspContainer -> Q
    boolean onScrolling -> X
    com.amap.api.maps.model.Circle mCircle -> E
    com.amap.api.maps.LocationSource$OnLocationChangedListener mLocationListener -> F
    android.view.View mPoiColseView -> L
    boolean slideDown -> Z
    int mZoomLevel -> y
    int moveY -> R
    com.amap.api.maps.AMap aMap -> s
    int mPadding -> P
    android.support.design.widget.BottomSheetBehavior mBehavior -> J
    com.amap.api.location.AMapLocationClient mLocationClient -> t
    com.luohui.map.harware.SensorEventHelper mSensorHelper -> C
    java.lang.String mCity -> g0
    com.luohui.map.MapActivity$MapMode mMapMode -> f0
    float mAccuracy -> G
    int[] mBottomSheetLoc -> S
    com.amap.api.maps.model.LatLng mClickPoiLatLng -> A
    int mMapType -> B
    com.amap.api.maps.TextureMapView mMapView -> r
    java.lang.String mPoiName -> T
    android.view.View mFeedbackContainer -> V
    android.view.View mBottomSheet -> I
    android.widget.ImageButton mImgBtnBack -> b0
    com.amap.api.location.AMapLocationClientOption mLocationOption -> u
com.luohui.map.MapActivity$1 -> com.luohui.map.MapActivity$a:
    com.luohui.map.MapActivity this$0 -> c
    float currSlide -> b
    float lastSlide -> a
    void onSlide(android.view.View,float) -> a
    void onStateChanged(android.view.View,int) -> a
com.luohui.map.MapActivity$2 -> com.luohui.map.MapActivity$b:
    com.luohui.map.MapActivity this$0 -> a
com.luohui.map.MapActivity$3 -> com.luohui.map.MapActivity$c:
com.luohui.map.MapActivity$4 -> com.luohui.map.MapActivity$d:
    com.luohui.map.MapActivity this$0 -> a
com.luohui.map.MapActivity$5 -> com.luohui.map.MapActivity$e:
    com.luohui.map.MapActivity this$0 -> a
com.luohui.map.MapActivity$MapMode -> com.luohui.map.MapActivity$MapMode:
    com.luohui.map.MapActivity$MapMode NORMAL -> a
    com.luohui.map.MapActivity$MapMode[] $VALUES -> b
com.luohui.map.harware.SensorEventHelper -> c.a.a.a.a:
    float rotation -> h
    android.hardware.SensorManager mSensorManager -> a
    android.hardware.Sensor mSensor -> b
    com.amap.api.maps.model.Marker mMarker -> f
    float mAngle -> d
    boolean rotate -> g
    long lastTime -> c
    android.content.Context mContext -> e
    int getScreenRotationOnPhone(android.content.Context) -> a
    void registerSensorListener() -> a
    void setCurrentMarker(com.amap.api.maps.model.Marker) -> a
    void unRegisterSensorListener() -> b
com.luohui.map.ui.BaseActivity -> com.luohui.map.ui.BaseActivity:
    android.widget.TextView mTvToast -> q
    android.view.View mToastView -> p
    void showToast(java.lang.String) -> a
    void initToast() -> q
com.luohui.map.ui.SplashActivity -> com.luohui.map.ui.SplashActivity:
    android.animation.ValueAnimator mAnimator -> r
    boolean hasOnResumeChecked -> s
    void access$000(com.luohui.map.ui.SplashActivity) -> a
    void checkPermissions() -> r
    void initAnimator() -> s
    void initView() -> t
    void showMapPage() -> u
com.luohui.map.ui.SplashActivity$1 -> com.luohui.map.ui.SplashActivity$a:
    com.luohui.map.ui.SplashActivity this$0 -> a
com.luohui.map.ui.navi.BaseAMapNaviActivity -> com.luohui.map.ui.navi.BaseAMapNaviActivity:
    com.amap.api.navi.AMapNaviView mAMapNaviView -> r
    com.amap.api.navi.AMapNavi mAMapNavi -> s
com.luohui.map.ui.navi.WalkRouteNaviActivity -> com.luohui.map.ui.navi.WalkRouteNaviActivity:
    com.amap.api.maps.model.LatLng startLatLng -> t
    com.amap.api.maps.model.LatLng stopLatLng -> u
    void initView(android.os.Bundle) -> a
    void initData() -> r
...
android.support.v4.os.ResultReceiver$MyRunnable -> android.support.v4.os.ResultReceiver$c:
    android.os.Bundle mResultData -> b
    android.support.v4.os.ResultReceiver this$0 -> c
    int mResultCode -> a
android.support.v4.os.TraceCompat -> a.b.g.g.b:
    void beginSection(java.lang.String) -> a
    void endSection() -> a
android.support.v4.provider.FontRequest -> a.b.g.h.a:
    java.lang.String mIdentifier -> f
    java.util.List mCertificates -> d
    java.lang.String mProviderAuthority -> a
    int mCertificatesArray -> e
    java.lang.String mQuery -> c
    java.lang.String mProviderPackage -> b
    java.util.List getCertificates() -> a
    int getCertificatesArrayResId() -> b
    java.lang.String getIdentifier() -> c
    java.lang.String getProviderAuthority() -> d
    java.lang.String getProviderPackage() -> e
    java.lang.String getQuery() -> f
android.support.v4.provider.FontsContractCompat -> a.b.g.h.b:
    android.support.v4.provider.SelfDestructiveThread sBackgroundThread -> b
    android.support.v4.util.SimpleArrayMap sPendingReplies -> d
    java.lang.Object sLock -> c
    java.util.Comparator sByteArrayComparator -> e
    android.support.v4.util.LruCache sTypefaceCache -> a
    java.util.List convertToByteArrayList(android.content.pm.Signature[]) -> a
    boolean equalsByteArrayList(java.util.List,java.util.List) -> a
    android.support.v4.provider.FontsContractCompat$FontFamilyResult fetchFonts(android.content.Context,android.os.CancellationSignal,android.support.v4.provider.FontRequest) -> a
    java.util.List getCertificates(android.support.v4.provider.FontRequest,android.content.res.Resources) -> a
    android.support.v4.provider.FontsContractCompat$FontInfo[] getFontFromProvider(android.content.Context,android.support.v4.provider.FontRequest,java.lang.String,android.os.CancellationSignal) -> a
    android.support.v4.provider.FontsContractCompat$TypefaceResult getFontInternal(android.content.Context,android.support.v4.provider.FontRequest,int) -> a
    android.graphics.Typeface getFontSync(android.content.Context,android.support.v4.provider.FontRequest,android.support.v4.content.res.ResourcesCompat$FontCallback,android.os.Handler,boolean,int,int) -> a
android.support.v4.provider.FontsContractCompat$1 -> a.b.g.h.b$a:
    android.content.Context val$context -> a
    android.support.v4.provider.FontRequest val$request -> b
    int val$style -> c
    java.lang.String val$id -> d
android.support.v4.provider.FontsContractCompat$2 -> a.b.g.h.b$b:
    android.os.Handler val$handler -> b
    android.support.v4.content.res.ResourcesCompat$FontCallback val$fontCallback -> a
    void onReply(android.support.v4.provider.FontsContractCompat$TypefaceResult) -> a
    void onReply(java.lang.Object) -> a
android.support.v4.provider.FontsContractCompat$3 -> a.b.g.h.b$c:
    java.lang.String val$id -> a
    void onReply(android.support.v4.provider.FontsContractCompat$TypefaceResult) -> a
    void onReply(java.lang.Object) -> a
android.support.v4.provider.FontsContractCompat$5 -> a.b.g.h.b$d:
    int compare(byte[],byte[]) -> a
android.support.v4.provider.FontsContractCompat$FontFamilyResult -> a.b.g.h.b$e:
    android.support.v4.provider.FontsContractCompat$FontInfo[] mFonts -> b
    int mStatusCode -> a
    android.support.v4.provider.FontsContractCompat$FontInfo[] getFonts() -> a
    int getStatusCode() -> b
android.support.v4.provider.FontsContractCompat$FontInfo -> a.b.g.h.b$f:
    int mResultCode -> e
    int mTtcIndex -> b
    int mWeight -> c
    android.net.Uri mUri -> a
    boolean mItalic -> d
    int getResultCode() -> a
    int getTtcIndex() -> b
    android.net.Uri getUri() -> c
    int getWeight() -> d
    boolean isItalic() -> e
android.support.v4.provider.FontsContractCompat$TypefaceResult -> a.b.g.h.b$g:
    android.graphics.Typeface mTypeface -> a
    int mResult -> b