app/unused.txt
com.luohui.map.view.widget.ReboundLinearLayout$1
com.luohui.map.R$drawable
com.luohui.map.view.map.MapLayerView$1
com.luohui.map.view.base.BaseView
com.luohui.map.view.widget.ReboundLinearLayout$2
com.luohui.map.R$styleable
com.luohui.map.view.map.FrequentView
    private static final java.lang.String TAG
com.luohui.map.R$animator
com.luohui.map.ui.navi.WalkRouteNaviActivity
    private static final java.lang.String PARAMS
    private static final java.lang.String KEY_STARTLATLNG
    private static final java.lang.String KEY_STOPTLATLNG
com.luohui.map.view.widget.OnItemClickListener
    public abstract void onItemClick(android.view.View,int)
com.luohui.map.view.widget.TopTitleView$OnTopTitleViewClickListener
com.luohui.map.view.widget.ClearEditText$1
com.luohui.map.view.widget.KeyboardInputView
com.luohui.map.R$mipmap
com.luohui.map.view.widget.ButtonLoadingView$1
com.luohui.map.view.map.TrafficView$OnTrafficChangeListener
    public abstract void onTrafficChanged(boolean)
com.luohui.map.R$color
com.luohui.map.R$interpolator
com.luohui.map.BuildConfig
com.luohui.map.R$anim
com.luohui.map.view.map.MoreIconView$1
com.luohui.map.view.widget.TopTitleView
com.luohui.map.R
com.luohui.map.view.map.ReportView
com.luohui.map.R$dimen
com.luohui.map.view.widget.ClearEditText
com.luohui.map.view.base.BaseViewGroup
com.luohui.map.view.map.MoreIconView
com.luohui.map.R$layout
com.luohui.map.view.map.TrafficView$1
com.luohui.map.view.widget.ReboundLinearLayout
com.luohui.map.view.widget.ButtonLoadingView
com.luohui.map.view.widget.VerticalIconTextView
com.luohui.map.view.base.MapViewInterface
    public abstract void showPoiDetail(java.lang.String,java.lang.String)
    public abstract void hidePoiDetail()
    public abstract void showBackToMapState()
    public abstract void showPoiDetailState()
com.luohui.map.util.PermissionUtil
    public void <init>()
    public static void initPermissions(android.app.Activity,int)
    public static boolean checkPermission(android.content.Context,java.lang.String)
    public static boolean checkPermissions(android.content.Context,java.lang.String[])
    public static boolean checkPermissions(android.content.Context)
    public static boolean checkFineLocationPermission(android.content.Context)
    public static boolean checkWriteExtrenalStoragePermission(android.content.Context)
    public static void requestPermission(android.app.Activity,java.lang.String[],int)
    public static void requestAccessFineLocation(android.app.Activity,int)
    public static void requestAccessCoarsELocation(android.app.Activity,int)
    public static void requestWriteExtrenalStorage(android.app.Activity,int)
    public static void requestPermissions(android.app.Activity,int)
com.luohui.map.util.Constants
com.luohui.map.view.widget.SettingItemView
com.luohui.map.view.map.ReportView$1
com.luohui.map.view.widget.MapTaost
com.luohui.map.R$integer
com.luohui.map.view.map.PoiDetailBottomView
    public static final int STATE_DETAIL
    public static final int STATE_MAP
com.luohui.map.view.map.MapLayerView
...
android.support.fragment.R$attr
android.support.v4.view.ViewGroupCompat
    private void <init>()
    public static boolean onRequestSendAccessibilityEvent(android.view.ViewGroup,android.view.View,android.view.accessibility.AccessibilityEvent)
    public static void setMotionEventSplittingEnabled(android.view.ViewGroup,boolean)
    public static int getLayoutMode(android.view.ViewGroup)
    public static void setLayoutMode(android.view.ViewGroup,int)
    public static void setTransitionGroup(android.view.ViewGroup,boolean)
    public static int getNestedScrollAxes(android.view.ViewGroup)
    public static final int LAYOUT_MODE_CLIP_BOUNDS
    public static final int LAYOUT_MODE_OPTICAL_BOUNDS
android.support.transition.Styleable$ArcMotion
android.support.v4.media.MediaBrowserCompat$CustomActionCallback
    public void <init>()
kotlin.collections.ReversedList
android.support.v4.util.PatternsCompat
android.support.v4.media.MediaBrowserServiceCompat$Result
    private void checkExtraFields(android.os.Bundle)
    public void sendProgressUpdate(android.os.Bundle)
    public void detach()
    void onProgressUpdateSent(android.os.Bundle)
    private boolean mSendProgressUpdateCalled
kotlin.ranges.LongProgression
    public final long getStep()
    public boolean isEmpty()
    public boolean equals(java.lang.Object)
    public int hashCode()
    public java.lang.String toString()
android.support.design.widget.TabLayout$BaseOnTabSelectedListener
android.support.design.internal.BottomNavigationMenuView
okhttp3.internal.http2.Http2Reader$Handler
android.support.v4.view.GravityCompat
    public static void apply(int,int,int,android.graphics.Rect,int,int,android.graphics.Rect,int)
    public static void applyDisplay(int,android.graphics.Rect,android.graphics.Rect,int)
    private void <init>()
    public static final int RELATIVE_LAYOUT_DIRECTION
    public static final int START
    public static final int END
    public static final int RELATIVE_HORIZONTAL_GRAVITY_MASK
kotlin.text.StringsKt___StringsKt$withIndex$1
kotlin.text.StringsKt
android.support.v4.view.PagerTitleStrip$PageListener
okio.OutputStreamSink
kotlin.jvm.functions.Function5
android.support.v7.widget.RecyclerView
    public boolean hasFixedSize()
    public void swapAdapter(android.support.v7.widget.RecyclerView$Adapter,boolean)
    public void addOnChildAttachStateChangeListener(android.support.v7.widget.RecyclerView$OnChildAttachStateChangeListener)
    public void removeOnChildAttachStateChangeListener(android.support.v7.widget.RecyclerView$OnChildAttachStateChangeListener)
    public void clearOnChildAttachStateChangeListeners()
    public android.support.v7.widget.RecyclerView$ItemDecoration getItemDecorationAt(int)
    public void removeItemDecorationAt(int)
    public void clearOnScrollListeners()
    public void scrollToPosition(int)
    void jumpToPositionForSmoothScroller(int)
    public void smoothScrollToPosition(int)
    public boolean isLayoutFrozen()
    void assertInLayoutOrScroll(java.lang.String)
    public boolean isAnimating()
    public void invalidateItemDecorations()
    public int getChildPosition(android.view.View)
    public int getChildAdapterPosition(android.view.View)
    public int getChildLayoutPosition(android.view.View)
    public long getChildItemId(android.view.View)
    public android.support.v7.widget.RecyclerView$ViewHolder findViewHolderForPosition(int)
    public android.support.v7.widget.RecyclerView$ViewHolder findViewHolderForLayoutPosition(int)
    public android.view.View findChildViewUnder(float,float)
    public void getDecoratedBoundsWithMargins(android.view.View,android.graphics.Rect)
kotlin.coroutines.experimental.SequenceBuilderKt